c:\users\paulo\documents\visual studio 2013\projects\shutar_newap\shutar_newap\debug\vc120.pdb
c:\users\paulo\documents\visual studio 2013\projects\shutar_newap\shutar_newap\debug\vc120.idb
c:\users\paulo\documents\visual studio 2013\projects\shutar_newap\shutar_newap\debug\game.obj
c:\users\paulo\documents\visual studio 2013\projects\shutar_newap\shutar_newap\debug\main.obj
c:\users\paulo\documents\visual studio 2013\projects\shutar_newap\shutar_newap\debug\shutar.obj
c:\users\paulo\documents\visual studio 2013\projects\shutar_newap\shutar_newap\debug\atormanager.obj
c:\users\paulo\documents\visual studio 2013\projects\shutar_newap\shutar_newap\debug\nave.obj
c:\users\paulo\documents\visual studio 2013\projects\shutar_newap\shutar_newap\debug\tiro.obj
c:\users\paulo\documents\visual studio 2013\projects\shutar_newap\shutar_newap\debug\redboss.obj
c:\users\paulo\documents\visual studio 2013\projects\shutar_newap\shutar_newap\debug\minired.obj
c:\users\paulo\documents\visual studio 2013\projects\shutar_newap\shutar_newap\debug\batrobo.obj
c:\users\paulo\documents\visual studio 2013\projects\shutar_newap\shutar_newap\debug\ocorrencia.obj
c:\users\paulo\documents\visual studio 2013\projects\shutar_newap\shutar_newap\debug\minishooter.obj
c:\users\paulo\documents\visual studio 2013\projects\shutar_newap\shutar_newap\debug\tiroinimigo.obj
c:\users\paulo\documents\visual studio 2013\projects\shutar_newap\debug\shutar_newap.ilk
c:\users\paulo\documents\visual studio 2013\projects\shutar_newap\debug\shutar_newap.exe
c:\users\paulo\documents\visual studio 2013\projects\shutar_newap\debug\shutar_newap.pdb
c:\users\paulo\documents\visual studio 2013\projects\shutar_newap\shutar_newap\debug\shutar_newap.tlog\cl.command.1.tlog
c:\users\paulo\documents\visual studio 2013\projects\shutar_newap\shutar_newap\debug\shutar_newap.tlog\cl.read.1.tlog
c:\users\paulo\documents\visual studio 2013\projects\shutar_newap\shutar_newap\debug\shutar_newap.tlog\cl.write.1.tlog
c:\users\paulo\documents\visual studio 2013\projects\shutar_newap\shutar_newap\debug\shutar_newap.tlog\link.command.1.tlog
c:\users\paulo\documents\visual studio 2013\projects\shutar_newap\shutar_newap\debug\shutar_newap.tlog\link.read.1.tlog
c:\users\paulo\documents\visual studio 2013\projects\shutar_newap\shutar_newap\debug\shutar_newap.tlog\link.write.1.tlog
